<?xml version="1.0" encoding="UTF-8"?>
<testsuite name="com.mindex.challenge.service.impl.EmployeeReportsServiceImplTest" tests="1" skipped="0" failures="0" errors="0" timestamp="2023-12-12T19:37:48" hostname="MacBook-Air.attlocal.net" time="0.136">
  <properties/>
  <testcase name="shouldReturn_DirectReportCount_WithValidEmployeeIds" classname="com.mindex.challenge.service.impl.EmployeeReportsServiceImplTest" time="0.136"/>
  <system-out><![CDATA[14:37:46.940 [Test worker] DEBUG org.springframework.test.context.junit4.SpringJUnit4ClassRunner - SpringJUnit4ClassRunner constructor called with [class com.mindex.challenge.service.impl.EmployeeReportsServiceImplTest]
14:37:46.943 [Test worker] DEBUG org.springframework.test.context.BootstrapUtils - Instantiating CacheAwareContextLoaderDelegate from class [org.springframework.test.context.cache.DefaultCacheAwareContextLoaderDelegate]
14:37:46.946 [Test worker] DEBUG org.springframework.test.context.BootstrapUtils - Instantiating BootstrapContext using constructor [public org.springframework.test.context.support.DefaultBootstrapContext(java.lang.Class,org.springframework.test.context.CacheAwareContextLoaderDelegate)]
14:37:46.958 [Test worker] DEBUG org.springframework.test.context.BootstrapUtils - Instantiating TestContextBootstrapper for test class [com.mindex.challenge.service.impl.EmployeeReportsServiceImplTest] from class [org.springframework.boot.test.context.SpringBootTestContextBootstrapper]
14:37:46.964 [Test worker] INFO org.springframework.boot.test.context.SpringBootTestContextBootstrapper - Neither @ContextConfiguration nor @ContextHierarchy found for test class [com.mindex.challenge.service.impl.EmployeeReportsServiceImplTest], using SpringBootContextLoader
14:37:46.966 [Test worker] DEBUG org.springframework.test.context.support.AbstractContextLoader - Did not detect default resource location for test class [com.mindex.challenge.service.impl.EmployeeReportsServiceImplTest]: class path resource [com/mindex/challenge/service/impl/EmployeeReportsServiceImplTest-context.xml] does not exist
14:37:46.966 [Test worker] DEBUG org.springframework.test.context.support.AbstractContextLoader - Did not detect default resource location for test class [com.mindex.challenge.service.impl.EmployeeReportsServiceImplTest]: class path resource [com/mindex/challenge/service/impl/EmployeeReportsServiceImplTestContext.groovy] does not exist
14:37:46.966 [Test worker] INFO org.springframework.test.context.support.AbstractContextLoader - Could not detect default resource locations for test class [com.mindex.challenge.service.impl.EmployeeReportsServiceImplTest]: no resource found for suffixes {-context.xml, Context.groovy}.
14:37:46.967 [Test worker] INFO org.springframework.test.context.support.AnnotationConfigContextLoaderUtils - Could not detect default configuration classes for test class [com.mindex.challenge.service.impl.EmployeeReportsServiceImplTest]: EmployeeReportsServiceImplTest does not declare any static, non-private, non-final, nested classes annotated with @Configuration.
14:37:46.985 [Test worker] DEBUG org.springframework.test.context.support.ActiveProfilesUtils - Could not find an 'annotation declaring class' for annotation type [org.springframework.test.context.ActiveProfiles] and class [com.mindex.challenge.service.impl.EmployeeReportsServiceImplTest]
14:37:47.015 [Test worker] DEBUG org.springframework.context.annotation.ClassPathScanningCandidateComponentProvider - Identified candidate component class: file [/Users/aaronhart/workspace/mindex-java-code-challenge/build/classes/java/main/com/mindex/challenge/ChallengeApplication.class]
14:37:47.016 [Test worker] INFO org.springframework.boot.test.context.SpringBootTestContextBootstrapper - Found @SpringBootConfiguration com.mindex.challenge.ChallengeApplication for test class com.mindex.challenge.service.impl.EmployeeReportsServiceImplTest
14:37:47.048 [Test worker] DEBUG org.springframework.boot.test.context.SpringBootTestContextBootstrapper - @TestExecutionListeners is not present for class [com.mindex.challenge.service.impl.EmployeeReportsServiceImplTest]: using defaults.
14:37:47.048 [Test worker] INFO org.springframework.boot.test.context.SpringBootTestContextBootstrapper - Loaded default TestExecutionListener class names from location [META-INF/spring.factories]: [org.springframework.boot.test.autoconfigure.restdocs.RestDocsTestExecutionListener, org.springframework.boot.test.autoconfigure.web.client.MockRestServiceServerResetTestExecutionListener, org.springframework.boot.test.autoconfigure.web.servlet.MockMvcPrintOnlyOnFailureTestExecutionListener, org.springframework.boot.test.autoconfigure.web.servlet.WebDriverTestExecutionListener, org.springframework.boot.test.mock.mockito.MockitoTestExecutionListener, org.springframework.boot.test.mock.mockito.ResetMocksTestExecutionListener, org.springframework.test.context.web.ServletTestExecutionListener, org.springframework.test.context.support.DirtiesContextBeforeModesTestExecutionListener, org.springframework.test.context.support.DependencyInjectionTestExecutionListener, org.springframework.test.context.support.DirtiesContextTestExecutionListener, org.springframework.test.context.transaction.TransactionalTestExecutionListener, org.springframework.test.context.jdbc.SqlScriptsTestExecutionListener, org.springframework.test.context.event.EventPublishingTestExecutionListener]
14:37:47.054 [Test worker] INFO org.springframework.boot.test.context.SpringBootTestContextBootstrapper - Using TestExecutionListeners: [org.springframework.test.context.web.ServletTestExecutionListener@4a5b13f6, org.springframework.test.context.support.DirtiesContextBeforeModesTestExecutionListener@37848017, org.springframework.boot.test.mock.mockito.MockitoTestExecutionListener@4d21671, org.springframework.boot.test.autoconfigure.SpringBootDependencyInjectionTestExecutionListener@43f3c033, org.springframework.test.context.support.DirtiesContextTestExecutionListener@5125af18, org.springframework.test.context.transaction.TransactionalTestExecutionListener@42b21913, org.springframework.test.context.jdbc.SqlScriptsTestExecutionListener@5647eeaa, org.springframework.test.context.event.EventPublishingTestExecutionListener@b685e09, org.springframework.boot.test.autoconfigure.restdocs.RestDocsTestExecutionListener@77496d13, org.springframework.boot.test.autoconfigure.web.client.MockRestServiceServerResetTestExecutionListener@25e19868, org.springframework.boot.test.autoconfigure.web.servlet.MockMvcPrintOnlyOnFailureTestExecutionListener@4c3a00c0, org.springframework.boot.test.autoconfigure.web.servlet.WebDriverTestExecutionListener@5eb8758, org.springframework.boot.test.mock.mockito.ResetMocksTestExecutionListener@39f65303]
14:37:47.055 [Test worker] DEBUG org.springframework.test.annotation.ProfileValueUtils - Retrieved @ProfileValueSourceConfiguration [null] for test class [com.mindex.challenge.service.impl.EmployeeReportsServiceImplTest]
14:37:47.055 [Test worker] DEBUG org.springframework.test.annotation.ProfileValueUtils - Retrieved ProfileValueSource type [class org.springframework.test.annotation.SystemProfileValueSource] for class [com.mindex.challenge.service.impl.EmployeeReportsServiceImplTest]
14:37:47.057 [Test worker] DEBUG org.springframework.test.annotation.ProfileValueUtils - Retrieved @ProfileValueSourceConfiguration [null] for test class [com.mindex.challenge.service.impl.EmployeeReportsServiceImplTest]
14:37:47.058 [Test worker] DEBUG org.springframework.test.annotation.ProfileValueUtils - Retrieved ProfileValueSource type [class org.springframework.test.annotation.SystemProfileValueSource] for class [com.mindex.challenge.service.impl.EmployeeReportsServiceImplTest]
14:37:47.058 [Test worker] DEBUG org.springframework.test.annotation.ProfileValueUtils - Retrieved @ProfileValueSourceConfiguration [null] for test class [com.mindex.challenge.service.impl.EmployeeReportsServiceImplTest]
14:37:47.058 [Test worker] DEBUG org.springframework.test.annotation.ProfileValueUtils - Retrieved ProfileValueSource type [class org.springframework.test.annotation.SystemProfileValueSource] for class [com.mindex.challenge.service.impl.EmployeeReportsServiceImplTest]
14:37:47.059 [Test worker] DEBUG org.springframework.test.context.support.AbstractDirtiesContextTestExecutionListener - Before test class: context [DefaultTestContext@d823a32 testClass = EmployeeReportsServiceImplTest, testInstance = [null], testMethod = [null], testException = [null], mergedContextConfiguration = [WebMergedContextConfiguration@7d13bfb0 testClass = EmployeeReportsServiceImplTest, locations = '{}', classes = '{class com.mindex.challenge.ChallengeApplication}', contextInitializerClasses = '[]', activeProfiles = '{}', propertySourceLocations = '{}', propertySourceProperties = '{org.springframework.boot.test.context.SpringBootTestContextBootstrapper=true, server.port=0}', contextCustomizers = set[org.springframework.boot.test.autoconfigure.properties.PropertyMappingContextCustomizer@0, org.springframework.boot.test.autoconfigure.web.servlet.WebDriverContextCustomizerFactory$Customizer@2065950e, org.springframework.boot.test.context.filter.ExcludeFilterContextCustomizer@282ca034, org.springframework.boot.test.json.DuplicateJsonObjectContextCustomizerFactory$DuplicateJsonObjectContextCustomizer@1a898f3c, org.springframework.boot.test.mock.mockito.MockitoContextCustomizer@0, org.springframework.boot.test.web.client.TestRestTemplateContextCustomizer@2558b852], resourceBasePath = 'src/main/webapp', contextLoader = 'org.springframework.boot.test.context.SpringBootContextLoader', parent = [null]], attributes = map['org.springframework.test.context.web.ServletTestExecutionListener.activateListener' -> false]], class annotated with @DirtiesContext [false] with mode [null].
14:37:47.060 [Test worker] DEBUG org.springframework.test.annotation.ProfileValueUtils - Retrieved @ProfileValueSourceConfiguration [null] for test class [com.mindex.challenge.service.impl.EmployeeReportsServiceImplTest]
14:37:47.060 [Test worker] DEBUG org.springframework.test.annotation.ProfileValueUtils - Retrieved ProfileValueSource type [class org.springframework.test.annotation.SystemProfileValueSource] for class [com.mindex.challenge.service.impl.EmployeeReportsServiceImplTest]
14:37:47.062 [Test worker] DEBUG org.springframework.test.context.support.DependencyInjectionTestExecutionListener - Performing dependency injection for test context [[DefaultTestContext@d823a32 testClass = EmployeeReportsServiceImplTest, testInstance = com.mindex.challenge.service.impl.EmployeeReportsServiceImplTest@7875e472, testMethod = [null], testException = [null], mergedContextConfiguration = [WebMergedContextConfiguration@7d13bfb0 testClass = EmployeeReportsServiceImplTest, locations = '{}', classes = '{class com.mindex.challenge.ChallengeApplication}', contextInitializerClasses = '[]', activeProfiles = '{}', propertySourceLocations = '{}', propertySourceProperties = '{org.springframework.boot.test.context.SpringBootTestContextBootstrapper=true, server.port=0}', contextCustomizers = set[org.springframework.boot.test.autoconfigure.properties.PropertyMappingContextCustomizer@0, org.springframework.boot.test.autoconfigure.web.servlet.WebDriverContextCustomizerFactory$Customizer@2065950e, org.springframework.boot.test.context.filter.ExcludeFilterContextCustomizer@282ca034, org.springframework.boot.test.json.DuplicateJsonObjectContextCustomizerFactory$DuplicateJsonObjectContextCustomizer@1a898f3c, org.springframework.boot.test.mock.mockito.MockitoContextCustomizer@0, org.springframework.boot.test.web.client.TestRestTemplateContextCustomizer@2558b852], resourceBasePath = 'src/main/webapp', contextLoader = 'org.springframework.boot.test.context.SpringBootContextLoader', parent = [null]], attributes = map['org.springframework.test.context.web.ServletTestExecutionListener.activateListener' -> false]]].
14:37:47.069 [Test worker] DEBUG org.springframework.test.context.support.TestPropertySourceUtils - Adding inlined properties to environment: {spring.jmx.enabled=false, org.springframework.boot.test.context.SpringBootTestContextBootstrapper=true, server.port=0}

  .   ____          _            __ _ _
 /\\ / ___'_ __ _ _(_)_ __  __ _ \ \ \ \
( ( )\___ | '_ | '_| | '_ \/ _` | \ \ \ \
 \\/  ___)| |_)| | | | | || (_| |  ) ) ) )
  '  |____| .__|_| |_|_| |_\__, | / / / /
 =========|_|==============|___/=/_/_/_/
 :: Spring Boot ::        (v2.2.0.RELEASE)

2023-12-12 14:37:47.198  INFO 4353 --- [    Test worker] c.m.c.s.i.EmployeeReportsServiceImplTest : Starting EmployeeReportsServiceImplTest on MacBook-Air.attlocal.net with PID 4353 (started by aaronhart in /Users/aaronhart/workspace/mindex-java-code-challenge)
2023-12-12 14:37:47.199 DEBUG 4353 --- [    Test worker] c.m.c.s.i.EmployeeReportsServiceImplTest : Running with Spring Boot v2.2.0.RELEASE, Spring v5.2.0.RELEASE
2023-12-12 14:37:47.199  INFO 4353 --- [    Test worker] c.m.c.s.i.EmployeeReportsServiceImplTest : No active profile set, falling back to default profiles: default
2023-12-12 14:37:47.355  INFO 4353 --- [    Test worker] .s.d.r.c.RepositoryConfigurationDelegate : Bootstrapping Spring Data repositories in DEFAULT mode.
2023-12-12 14:37:47.376  INFO 4353 --- [    Test worker] .s.d.r.c.RepositoryConfigurationDelegate : Finished Spring Data repository scanning in 18ms. Found 2 repository interfaces.
2023-12-12 14:37:47.740  INFO 4353 --- [    Test worker] o.s.b.w.embedded.tomcat.TomcatWebServer  : Tomcat initialized with port(s): 0 (http)
2023-12-12 14:37:47.745  INFO 4353 --- [    Test worker] o.apache.catalina.core.StandardService   : Starting service [Tomcat]
2023-12-12 14:37:47.745  INFO 4353 --- [    Test worker] org.apache.catalina.core.StandardEngine  : Starting Servlet engine: [Apache Tomcat/9.0.27]
2023-12-12 14:37:47.782  INFO 4353 --- [    Test worker] o.a.c.c.C.[Tomcat].[localhost].[/]       : Initializing Spring embedded WebApplicationContext
2023-12-12 14:37:47.782  INFO 4353 --- [    Test worker] o.s.web.context.ContextLoader            : Root WebApplicationContext: initialization completed in 575 ms
2023-12-12 14:37:47.892  INFO 4353 --- [    Test worker] de.bwaldvogel.mongo.MongoServer          : started MongoServer(port: 55454, ssl: false)
2023-12-12 14:37:47.914  INFO 4353 --- [    Test worker] org.mongodb.driver.cluster               : Cluster created with settings {hosts=[127.0.0.1:55454], mode=SINGLE, requiredClusterType=UNKNOWN, serverSelectionTimeout='30000 ms', maxWaitQueueSize=500}
2023-12-12 14:37:47.942  INFO 4353 --- [-server-worker1] d.b.mongo.wire.MongoWireProtocolHandler  : client [id: 0xc386b94f, L:/127.0.0.1:55454 - R:/127.0.0.1:55459] connected
2023-12-12 14:37:47.971  INFO 4353 --- [127.0.0.1:55454] org.mongodb.driver.connection            : Opened connection [connectionId{localValue:1}] to 127.0.0.1:55454
2023-12-12 14:37:47.972  WARN 4353 --- [    Test worker] o.s.data.convert.CustomConversions       : Registering converter from class java.time.LocalDateTime to class java.time.Instant as reading converter although it doesn't convert from a store-supported type! You might wanna check you annotation setup at the converter implementation.
2023-12-12 14:37:47.972  WARN 4353 --- [    Test worker] o.s.data.convert.CustomConversions       : Registering converter from class java.time.Instant to class java.time.LocalDateTime as reading converter although it doesn't convert from a store-supported type! You might wanna check you annotation setup at the converter implementation.
2023-12-12 14:37:47.973  INFO 4353 --- [127.0.0.1:55454] org.mongodb.driver.cluster               : Monitor thread successfully connected to server with description ServerDescription{address=127.0.0.1:55454, type=STANDALONE, state=CONNECTED, ok=true, version=ServerVersion{versionList=[3, 0, 0]}, minWireVersion=0, maxWireVersion=2, maxDocumentSize=16777216, logicalSessionTimeoutMinutes=null, roundTripTimeNanos=997333}
2023-12-12 14:37:47.974  WARN 4353 --- [    Test worker] o.s.data.convert.CustomConversions       : Registering converter from class java.time.LocalDateTime to class java.time.Instant as reading converter although it doesn't convert from a store-supported type! You might wanna check you annotation setup at the converter implementation.
2023-12-12 14:37:47.974  WARN 4353 --- [    Test worker] o.s.data.convert.CustomConversions       : Registering converter from class java.time.Instant to class java.time.LocalDateTime as reading converter although it doesn't convert from a store-supported type! You might wanna check you annotation setup at the converter implementation.
2023-12-12 14:37:48.105  INFO 4353 --- [-server-worker2] d.b.mongo.wire.MongoWireProtocolHandler  : client [id: 0x5872a24d, L:/127.0.0.1:55454 - R:/127.0.0.1:55460] connected
2023-12-12 14:37:48.109  INFO 4353 --- [    Test worker] org.mongodb.driver.connection            : Opened connection [connectionId{localValue:2}] to 127.0.0.1:55454
2023-12-12 14:37:48.117  INFO 4353 --- [-server-worker2] d.b.mongo.backend.AbstractMongoBackend   : created database test
2023-12-12 14:37:48.121  INFO 4353 --- [-server-worker2] d.b.mongo.backend.AbstractMongoDatabase  : adding unique _id index for collection employee
2023-12-12 14:37:48.121  INFO 4353 --- [-server-worker2] d.b.mongo.backend.AbstractMongoDatabase  : created collection test.employee
2023-12-12 14:37:48.209  INFO 4353 --- [    Test worker] o.s.s.concurrent.ThreadPoolTaskExecutor  : Initializing ExecutorService 'applicationTaskExecutor'
2023-12-12 14:37:48.273  WARN 4353 --- [    Test worker] o.s.data.convert.CustomConversions       : Registering converter from class java.time.LocalDateTime to class java.time.Instant as reading converter although it doesn't convert from a store-supported type! You might wanna check you annotation setup at the converter implementation.
2023-12-12 14:37:48.273  WARN 4353 --- [    Test worker] o.s.data.convert.CustomConversions       : Registering converter from class java.time.Instant to class java.time.LocalDateTime as reading converter although it doesn't convert from a store-supported type! You might wanna check you annotation setup at the converter implementation.
2023-12-12 14:37:48.281  WARN 4353 --- [    Test worker] o.s.data.convert.CustomConversions       : Registering converter from class java.time.LocalDateTime to class java.time.Instant as reading converter although it doesn't convert from a store-supported type! You might wanna check you annotation setup at the converter implementation.
2023-12-12 14:37:48.281  WARN 4353 --- [    Test worker] o.s.data.convert.CustomConversions       : Registering converter from class java.time.Instant to class java.time.LocalDateTime as reading converter although it doesn't convert from a store-supported type! You might wanna check you annotation setup at the converter implementation.
2023-12-12 14:37:48.313  INFO 4353 --- [    Test worker] o.s.b.w.embedded.tomcat.TomcatWebServer  : Tomcat started on port(s): 55461 (http) with context path ''
2023-12-12 14:37:48.315  INFO 4353 --- [    Test worker] c.m.c.s.i.EmployeeReportsServiceImplTest : Started EmployeeReportsServiceImplTest in 1.243 seconds (JVM running for 1.68)
2023-12-12 14:37:48.428 DEBUG 4353 --- [    Test worker] c.m.c.service.impl.EmployeeServiceImpl   : Creating employee with id [16a596ae-edd3-4847-99fe-c4518e82c86f]
2023-12-12 14:37:48.445 DEBUG 4353 --- [    Test worker] c.m.c.service.impl.EmployeeServiceImpl   : Creating employee with id [b7839309-3348-463b-a7e3-5de1c168beb3]
2023-12-12 14:37:48.446 DEBUG 4353 --- [    Test worker] c.m.c.service.impl.EmployeeServiceImpl   : Creating employee with id [03aa1462-ffa9-4978-901b-7c001562cf6f]
2023-12-12 14:37:48.447 DEBUG 4353 --- [    Test worker] c.m.c.service.impl.EmployeeServiceImpl   : Creating employee with id [62c1084e-6e34-4630-93fd-9153afb65309]
2023-12-12 14:37:48.447 DEBUG 4353 --- [    Test worker] c.m.c.service.impl.EmployeeServiceImpl   : Creating employee with id [c0c2293d-16bd-4603-8e08-638a9d18b22c]
2023-12-12 14:37:48.448 DEBUG 4353 --- [    Test worker] c.m.c.service.impl.EmployeeServiceImpl   : Creating employee with id [03aa1462-ffa9-4978-901b-7c001562cf6f]
2023-12-12 14:37:48.449 DEBUG 4353 --- [    Test worker] c.m.c.service.impl.EmployeeServiceImpl   : Creating employee with id [62c1084e-6e34-4630-93fd-9153afb65309]
2023-12-12 14:37:48.451 DEBUG 4353 --- [    Test worker] c.m.c.service.impl.EmployeeServiceImpl   : Creating employee with id [c0c2293d-16bd-4603-8e08-638a9d18b22c]
2023-12-12 14:37:48.451 DEBUG 4353 --- [    Test worker] c.m.c.service.impl.EmployeeServiceImpl   : Creating employee with id [62c1084e-6e34-4630-93fd-9153afb65309]
]]></system-out>
  <system-err><![CDATA[]]></system-err>
</testsuite>
